08.11.2015 21:02:00	This log contains information about the import schema operation into project 'DBProject' on computer 'ДУНИС-ПК' by user 'дунис'.
08.11.2015 21:02:00	Import of database schema has started.
08.11.2015 21:02:04	Gathering database options
08.11.2015 21:02:04	Gathering users
08.11.2015 21:02:04	Gathering roles
08.11.2015 21:02:04	Gathering application roles
08.11.2015 21:02:04	Gathering role memberships
08.11.2015 21:02:04	Gathering filegroups
08.11.2015 21:02:04	Gathering full-text catalogs
08.11.2015 21:02:04	Gathering assemblies
08.11.2015 21:02:04	Gathering certificates
08.11.2015 21:02:04	Gathering asymmetric keys
08.11.2015 21:02:04	Gathering symmetric keys
08.11.2015 21:02:04	Gathering encrypted symmetric keys
08.11.2015 21:02:04	Gathering schemas
08.11.2015 21:02:04	Gathering XML schema collections
08.11.2015 21:02:04	Gathering user-defined data types
08.11.2015 21:02:04	Gathering user-defined types
08.11.2015 21:02:04	Gathering table types
08.11.2015 21:02:04	Gathering unique keys for table types
08.11.2015 21:02:04	Gathering primary keys for table types
08.11.2015 21:02:04	Gathering check constraints for table types
08.11.2015 21:02:04	Gathering default constraints for table types
08.11.2015 21:02:04	Gathering partition functions
08.11.2015 21:02:04	Gathering partition schemes
08.11.2015 21:02:04	Gathering functions
08.11.2015 21:02:04	Gathering encrypted functions
08.11.2015 21:02:04	Gathering aggregates
08.11.2015 21:02:04	Gathering procedures
08.11.2015 21:02:04	Gathering encrypted procedures
08.11.2015 21:02:04	Gathering tables
08.11.2015 21:02:04	Gathering primary keys
08.11.2015 21:02:04	Gathering unique constraints
08.11.2015 21:02:04	Gathering foreign keys
08.11.2015 21:02:04	Gathering default constraints
08.11.2015 21:02:04	Gathering check constraints
08.11.2015 21:02:04	Gathering views
08.11.2015 21:02:04	Gathering encrypted views
08.11.2015 21:02:04	Gathering indexes
08.11.2015 21:02:04	Gathering statistics
08.11.2015 21:02:04	Gathering full-text index stoplists
08.11.2015 21:02:04	Gathering search property lists
08.11.2015 21:02:04	Gathering search properties
08.11.2015 21:02:04	Gathering full-text indexes
08.11.2015 21:02:05	Gathering column store indexes
08.11.2015 21:02:05	Gathering spatial indexes
08.11.2015 21:02:05	Gathering XML indexes
08.11.2015 21:02:05	Gathering encrypted triggers
08.11.2015 21:02:05	Gathering triggers
08.11.2015 21:02:05	Gathering encrypted and clr ddl triggers
08.11.2015 21:02:05	Gathering ddl triggers
08.11.2015 21:02:05	Gathering synonyms
08.11.2015 21:02:05	Gathering defaults
08.11.2015 21:02:05	Gathering data constraint uddt bindings
08.11.2015 21:02:05	Gathering rules
08.11.2015 21:02:05	Gathering data constraint uddt bindings
08.11.2015 21:02:05	Gathering message types
08.11.2015 21:02:05	Gathering queues
08.11.2015 21:02:05	Gathering contracts
08.11.2015 21:02:05	Gathering services
08.11.2015 21:02:05	Gathering event notifications
08.11.2015 21:02:05	Gathering remote service bindings
08.11.2015 21:02:05	Gathering broker priorities
08.11.2015 21:02:05	Gathering signatures
08.11.2015 21:02:05	Gathering data compression options
08.11.2015 21:02:05	Gathering sequence types
08.11.2015 21:02:05	Gathering extended properties
08.11.2015 21:02:05	Gathering credentials
08.11.2015 21:02:05	Gathering logins
08.11.2015 21:02:05	Gathering server audits
08.11.2015 21:02:05	Scanning project for duplicate elements
08.11.2015 21:02:05	Exception when processing duplicate elements: Cannot access a disposed object.
Object name: 'MarshalingWindowFrame'.
08.11.2015 21:02:05	Finished importing database.
08.11.2015 21:02:05	A summary of the import was saved to the following location: C:\Projects\Finance\BankSystem\DBProject\Import Schema Logs\DBProject_20151108060200.log
08.11.2015 21:02:05	Click Finish to continue...
